2025-04-29 11:14:44,068 - INFO - Observador iniciado: 
2025-04-29 11:14:56,368 - INFO - Iniciando monitoramento: C:/Users/Haikom/Downloads/Antiga
2025-04-29 11:14:56,406 - INFO - Arquivo movido: De C:/Users/Haikom/Downloads/Antiga\00576703_52320909_20241004_0000060 (1).txt para C:/Users/Haikom/Downloads/Antiga\Documentos\00576703_52320909_20241004_0000060 (1).txt
2025-04-29 11:14:56,410 - INFO - Arquivo movido: De C:/Users/Haikom/Downloads/Antiga\100_component (1).xml para C:/Users/Haikom/Downloads/Antiga\Outros\100_component (1).xml
2025-04-29 11:14:56,414 - INFO - Arquivo movido: De C:/Users/Haikom/Downloads/Antiga\100_component.xml para C:/Users/Haikom/Downloads/Antiga\Outros\100_component.xml
2025-04-29 11:14:56,421 - INFO - Arquivo movido: De C:/Users/Haikom/Downloads/Antiga\114_component (1).xml para C:/Users/Haikom/Downloads/Antiga\Outros\114_component (1).xml
2025-04-29 11:14:56,425 - INFO - Arquivo movido: De C:/Users/Haikom/Downloads/Antiga\114_component.xml para C:/Users/Haikom/Downloads/Antiga\Outros\114_component.xml
2025-04-29 11:14:56,429 - INFO - Arquivo movido: De C:/Users/Haikom/Downloads/Antiga\115_component (1).xml para C:/Users/Haikom/Downloads/Antiga\Outros\115_component (1).xml
2025-04-29 11:14:56,433 - INFO - Arquivo movido: De C:/Users/Haikom/Downloads/Antiga\115_component.xml para C:/Users/Haikom/Downloads/Antiga\Outros\115_component.xml
2025-04-29 11:14:56,436 - INFO - Arquivo movido: De C:/Users/Haikom/Downloads/Antiga\150_component.xml para C:/Users/Haikom/Downloads/Antiga\Outros\150_component.xml
2025-04-29 11:14:56,441 - INFO - Arquivo movido: De C:/Users/Haikom/Downloads/Antiga\156_component (1).xml para C:/Users/Haikom/Downloads/Antiga\Outros\156_component (1).xml
2025-04-29 11:14:56,445 - INFO - Arquivo movido: De C:/Users/Haikom/Downloads/Antiga\156_component (2).xml para C:/Users/Haikom/Downloads/Antiga\Outros\156_component (2).xml
2025-04-29 11:14:56,449 - INFO - Arquivo movido: De C:/Users/Haikom/Downloads/Antiga\156_component.xml para C:/Users/Haikom/Downloads/Antiga\Outros\156_component.xml
2025-04-29 11:14:56,453 - INFO - Arquivo movido: De C:/Users/Haikom/Downloads/Antiga\171_html5Component.zip para C:/Users/Haikom/Downloads/Antiga\Compactados\171_html5Component.zip
2025-04-29 11:14:56,457 - INFO - Arquivo movido: De C:/Users/Haikom/Downloads/Antiga\174_component.xml para C:/Users/Haikom/Downloads/Antiga\Outros\174_component.xml
2025-04-29 11:14:56,461 - INFO - Arquivo movido: De C:/Users/Haikom/Downloads/Antiga\174_html5Component.zip para C:/Users/Haikom/Downloads/Antiga\Compactados\174_html5Component.zip
2025-04-29 11:14:56,465 - INFO - Arquivo movido: De C:/Users/Haikom/Downloads/Antiga\2559boasvindasempresavaldircomerciodemoveis.zip para C:/Users/Haikom/Downloads/Antiga\Compactados\2559boasvindasempresavaldircomerciodemoveis.zip
2025-04-29 11:14:56,469 - INFO - Arquivo movido: De C:/Users/Haikom/Downloads/Antiga\28_component (1).xml para C:/Users/Haikom/Downloads/Antiga\Outros\28_component (1).xml
2025-04-29 11:14:56,473 - INFO - Arquivo movido: De C:/Users/Haikom/Downloads/Antiga\28_component (2).xml para C:/Users/Haikom/Downloads/Antiga\Outros\28_component (2).xml
2025-04-29 11:14:56,477 - INFO - Arquivo movido: De C:/Users/Haikom/Downloads/Antiga\28_component.xml para C:/Users/Haikom/Downloads/Antiga\Outros\28_component.xml
2025-04-29 11:14:56,481 - INFO - Arquivo movido: De C:/Users/Haikom/Downloads/Antiga\33_component.xml para C:/Users/Haikom/Downloads/Antiga\Outros\33_component.xml
2025-04-29 11:14:56,485 - INFO - Arquivo movido: De C:/Users/Haikom/Downloads/Antiga\3d-oc.rar para C:/Users/Haikom/Downloads/Antiga\Compactados\3d-oc.rar
2025-04-29 11:14:56,489 - INFO - Arquivo movido: De C:/Users/Haikom/Downloads/Antiga\3dc321100.zip para C:/Users/Haikom/Downloads/Antiga\Compactados\3dc321100.zip
2025-04-29 11:14:56,493 - INFO - Arquivo movido: De C:/Users/Haikom/Downloads/Antiga\3dc32410.zip para C:/Users/Haikom/Downloads/Antiga\Compactados\3dc32410.zip
2025-04-29 11:14:56,496 - INFO - Arquivo movido: De C:/Users/Haikom/Downloads/Antiga\65_component.xml para C:/Users/Haikom/Downloads/Antiga\Outros\65_component.xml
2025-04-29 11:14:56,500 - INFO - Arquivo movido: De C:/Users/Haikom/Downloads/Antiga\A2.docx para C:/Users/Haikom/Downloads/Antiga\Documentos\A2.docx
2025-04-29 11:14:56,504 - INFO - Arquivo movido: De C:/Users/Haikom/Downloads/Antiga\Action RPG Multiplayer Starter Template 5.3.7z para C:/Users/Haikom/Downloads/Antiga\Compactados\Action RPG Multiplayer Starter Template 5.3.7z
2025-04-29 11:14:56,509 - INFO - Arquivo movido: De C:/Users/Haikom/Downloads/Antiga\Action_RPG_Template_Tutorial_UE5_PT-BR.srt para C:/Users/Haikom/Downloads/Antiga\Outros\Action_RPG_Template_Tutorial_UE5_PT-BR.srt
2025-04-29 11:14:56,516 - INFO - Arquivo movido: De C:/Users/Haikom/Downloads/Antiga\ADIANTAMENTOVIAGEM_130720_1.jar para C:/Users/Haikom/Downloads/Antiga\Outros\ADIANTAMENTOVIAGEM_130720_1.jar
2025-04-29 11:14:56,519 - INFO - Arquivo movido: De C:/Users/Haikom/Downloads/Antiga\ait_29330546.pdf para C:/Users/Haikom/Downloads/Antiga\Documentos\ait_29330546.pdf
2025-04-29 11:14:56,523 - INFO - Arquivo movido: De C:/Users/Haikom/Downloads/Antiga\ait_61273601.pdf para C:/Users/Haikom/Downloads/Antiga\Documentos\ait_61273601.pdf
2025-04-29 11:14:56,527 - INFO - Arquivo movido: De C:/Users/Haikom/Downloads/Antiga\amass_Windows_amd64.zip para C:/Users/Haikom/Downloads/Antiga\Compactados\amass_Windows_amd64.zip
2025-04-29 11:14:56,531 - INFO - Arquivo movido: De C:/Users/Haikom/Downloads/Antiga\analyzer.txt para C:/Users/Haikom/Downloads/Antiga\Documentos\analyzer.txt
2025-04-29 11:14:56,535 - INFO - Arquivo movido: De C:/Users/Haikom/Downloads/Antiga\Anims_Only_FBX_V1.zip para C:/Users/Haikom/Downloads/Antiga\Compactados\Anims_Only_FBX_V1.zip
2025-04-29 11:14:56,539 - INFO - Arquivo movido: De C:/Users/Haikom/Downloads/Antiga\application.docx para C:/Users/Haikom/Downloads/Antiga\Documentos\application.docx
2025-04-29 11:14:56,543 - INFO - Arquivo movido: De C:/Users/Haikom/Downloads/Antiga\Arquivos da Obra.xlsx para C:/Users/Haikom/Downloads/Antiga\Documentos\Arquivos da Obra.xlsx
2025-04-29 11:14:56,547 - INFO - Arquivo movido: De C:/Users/Haikom/Downloads/Antiga\arquivo_links.csv para C:/Users/Haikom/Downloads/Antiga\Outros\arquivo_links.csv
2025-04-29 11:14:56,550 - INFO - Arquivo movido: De C:/Users/Haikom/Downloads/Antiga\asdasd.pdf para C:/Users/Haikom/Downloads/Antiga\Documentos\asdasd.pdf
2025-04-29 11:14:56,554 - INFO - Arquivo movido: De C:/Users/Haikom/Downloads/Antiga\AssetBundleExtractor_3.0beta1_64bit.zip para C:/Users/Haikom/Downloads/Antiga\Compactados\AssetBundleExtractor_3.0beta1_64bit.zip
2025-04-29 11:14:56,557 - INFO - Arquivo movido: De C:/Users/Haikom/Downloads/Antiga\AssetsBundleExtractor_2.1_64bit-20241123T213713Z-001.zip para C:/Users/Haikom/Downloads/Antiga\Compactados\AssetsBundleExtractor_2.1_64bit-20241123T213713Z-001.zip
2025-04-29 11:14:56,561 - INFO - Arquivo movido: De C:/Users/Haikom/Downloads/Antiga\assinatura.html para C:/Users/Haikom/Downloads/Antiga\Código\assinatura.html
2025-04-29 11:14:56,565 - INFO - Arquivo movido: De C:/Users/Haikom/Downloads/Antiga\Auto Painter AI v1.0.0.zip para C:/Users/Haikom/Downloads/Antiga\Compactados\Auto Painter AI v1.0.0.zip
2025-04-29 11:14:56,569 - INFO - Arquivo movido: De C:/Users/Haikom/Downloads/Antiga\Auto-Align-main.zip para C:/Users/Haikom/Downloads/Antiga\Compactados\Auto-Align-main.zip
2025-04-29 11:14:56,573 - INFO - Arquivo movido: De C:/Users/Haikom/Downloads/Antiga\auto_align.py para C:/Users/Haikom/Downloads/Antiga\Código\auto_align.py
2025-04-29 11:14:56,577 - INFO - Arquivo movido: De C:/Users/Haikom/Downloads/Antiga\auto_align_new.py para C:/Users/Haikom/Downloads/Antiga\Código\auto_align_new.py
2025-04-29 11:14:56,580 - INFO - Arquivo movido: De C:/Users/Haikom/Downloads/Antiga\awstats012024.nowa.tec.br.txt para C:/Users/Haikom/Downloads/Antiga\Documentos\awstats012024.nowa.tec.br.txt
2025-04-29 11:14:56,584 - INFO - Arquivo movido: De C:/Users/Haikom/Downloads/Antiga\barcodes.zip para C:/Users/Haikom/Downloads/Antiga\Compactados\barcodes.zip
2025-04-29 11:14:56,588 - INFO - Arquivo movido: De C:/Users/Haikom/Downloads/Antiga\Blender To Unity 2.1.1.rar para C:/Users/Haikom/Downloads/Antiga\Compactados\Blender To Unity 2.1.1.rar
2025-04-29 11:14:56,592 - INFO - Arquivo movido: De C:/Users/Haikom/Downloads/Antiga\Blender To Unreal 2.2.2.rar para C:/Users/Haikom/Downloads/Antiga\Compactados\Blender To Unreal 2.2.2.rar
2025-04-29 11:14:56,596 - INFO - Arquivo movido: De C:/Users/Haikom/Downloads/Antiga\Blender-XFileImporter-master.zip para C:/Users/Haikom/Downloads/Antiga\Compactados\Blender-XFileImporter-master.zip
2025-04-29 11:14:56,599 - INFO - Arquivo movido: De C:/Users/Haikom/Downloads/Antiga\Blip Dashboard.xml para C:/Users/Haikom/Downloads/Antiga\Outros\Blip Dashboard.xml
2025-04-29 11:14:56,603 - INFO - Arquivo movido: De C:/Users/Haikom/Downloads/Antiga\Blip.pptx para C:/Users/Haikom/Downloads/Antiga\Documentos\Blip.pptx
2025-04-29 11:14:56,610 - INFO - Arquivo movido: De C:/Users/Haikom/Downloads/Antiga\BlipAPI.jar para C:/Users/Haikom/Downloads/Antiga\Outros\BlipAPI.jar
2025-04-29 11:14:56,614 - INFO - Arquivo movido: De C:/Users/Haikom/Downloads/Antiga\Blip_5.jar para C:/Users/Haikom/Downloads/Antiga\Outros\Blip_5.jar
2025-04-29 11:14:56,617 - INFO - Arquivo movido: De C:/Users/Haikom/Downloads/Antiga\Boleto 123 - AMGB Comercio - 10.01.2025 (1).pdf para C:/Users/Haikom/Downloads/Antiga\Documentos\Boleto 123 - AMGB Comercio - 10.01.2025 (1).pdf
2025-04-29 11:14:56,621 - INFO - Arquivo movido: De C:/Users/Haikom/Downloads/Antiga\Boleto 123 - AMGB Comercio - 10.01.2025.pdf para C:/Users/Haikom/Downloads/Antiga\Documentos\Boleto 123 - AMGB Comercio - 10.01.2025.pdf
2025-04-29 11:14:56,625 - INFO - Arquivo movido: De C:/Users/Haikom/Downloads/Antiga\Boletos (1).pdf para C:/Users/Haikom/Downloads/Antiga\Documentos\Boletos (1).pdf
2025-04-29 11:14:56,628 - INFO - Arquivo movido: De C:/Users/Haikom/Downloads/Antiga\Boletos.pdf para C:/Users/Haikom/Downloads/Antiga\Documentos\Boletos.pdf
2025-04-29 11:14:56,632 - INFO - Arquivo movido: De C:/Users/Haikom/Downloads/Antiga\BotaoDeAcao.java para C:/Users/Haikom/Downloads/Antiga\Código\BotaoDeAcao.java
2025-04-29 11:14:56,635 - INFO - Arquivo movido: De C:/Users/Haikom/Downloads/Antiga\BtnMapaDeCarga.jar para C:/Users/Haikom/Downloads/Antiga\Outros\BtnMapaDeCarga.jar
2025-04-29 11:14:56,639 - INFO - Arquivo movido: De C:/Users/Haikom/Downloads/Antiga\Cabecalho_da_Nota Base 1.xls para C:/Users/Haikom/Downloads/Antiga\Documentos\Cabecalho_da_Nota Base 1.xls
2025-04-29 11:14:56,642 - INFO - Arquivo movido: De C:/Users/Haikom/Downloads/Antiga\Cabecalho_da_Nota Base 2.xlsx para C:/Users/Haikom/Downloads/Antiga\Documentos\Cabecalho_da_Nota Base 2.xlsx
2025-04-29 11:14:56,646 - INFO - Arquivo movido: De C:/Users/Haikom/Downloads/Antiga\Calculos Financeiros.CSV para C:/Users/Haikom/Downloads/Antiga\Outros\Calculos Financeiros.CSV
2025-04-29 11:14:56,649 - INFO - Arquivo movido: De C:/Users/Haikom/Downloads/Antiga\Calculos Financeiros.pdf para C:/Users/Haikom/Downloads/Antiga\Documentos\Calculos Financeiros.pdf
2025-04-29 11:14:56,653 - INFO - Arquivo movido: De C:/Users/Haikom/Downloads/Antiga\CCMEI-45412288000140.pdf para C:/Users/Haikom/Downloads/Antiga\Documentos\CCMEI-45412288000140.pdf
2025-04-29 11:14:56,657 - INFO - Arquivo movido: De C:/Users/Haikom/Downloads/Antiga\CCMEI-45412288000140_assinado.pdf para C:/Users/Haikom/Downloads/Antiga\Documentos\CCMEI-45412288000140_assinado.pdf
2025-04-29 11:14:56,661 - INFO - Arquivo movido: De C:/Users/Haikom/Downloads/Antiga\certificate.cab para C:/Users/Haikom/Downloads/Antiga\Outros\certificate.cab
2025-04-29 11:14:56,665 - INFO - Arquivo movido: De C:/Users/Haikom/Downloads/Antiga\certificate.crt para C:/Users/Haikom/Downloads/Antiga\Outros\certificate.crt
2025-04-29 11:14:56,669 - INFO - Arquivo movido: De C:/Users/Haikom/Downloads/Antiga\chat-2025-01-21T20_01_47.776Z.json para C:/Users/Haikom/Downloads/Antiga\Outros\chat-2025-01-21T20_01_47.776Z.json
2025-04-29 11:14:56,673 - INFO - Arquivo movido: De C:/Users/Haikom/Downloads/Antiga\Clientes.xlsx para C:/Users/Haikom/Downloads/Antiga\Documentos\Clientes.xlsx
2025-04-29 11:14:56,676 - INFO - Arquivo movido: De C:/Users/Haikom/Downloads/Antiga\CNH-e.pdf (1).pdf para C:/Users/Haikom/Downloads/Antiga\Documentos\CNH-e.pdf (1).pdf
2025-04-29 11:14:56,680 - INFO - Arquivo movido: De C:/Users/Haikom/Downloads/Antiga\CNH-e.pdf.pdf para C:/Users/Haikom/Downloads/Antiga\Documentos\CNH-e.pdf.pdf
2025-04-29 11:14:56,684 - INFO - Arquivo movido: De C:/Users/Haikom/Downloads/Antiga\COMO DESCOBRIR SENHAS.pdf para C:/Users/Haikom/Downloads/Antiga\Documentos\COMO DESCOBRIR SENHAS.pdf
2025-04-29 11:14:56,687 - INFO - Arquivo movido: De C:/Users/Haikom/Downloads/Antiga\Compara__o_de_Valores_por_NUNOTA.csv para C:/Users/Haikom/Downloads/Antiga\Outros\Compara__o_de_Valores_por_NUNOTA.csv
2025-04-29 11:14:56,691 - INFO - Arquivo movido: De C:/Users/Haikom/Downloads/Antiga\comprovante-93515703465.pdf para C:/Users/Haikom/Downloads/Antiga\Documentos\comprovante-93515703465.pdf
2025-04-29 11:14:56,694 - INFO - Arquivo movido: De C:/Users/Haikom/Downloads/Antiga\comprovante.pdf para C:/Users/Haikom/Downloads/Antiga\Documentos\comprovante.pdf
2025-04-29 11:14:56,698 - INFO - Arquivo movido: De C:/Users/Haikom/Downloads/Antiga\config.ini para C:/Users/Haikom/Downloads/Antiga\Outros\config.ini
2025-04-29 11:14:56,703 - INFO - Arquivo movido: De C:/Users/Haikom/Downloads/Antiga\Contrato Prestação de Serviços..docx para C:/Users/Haikom/Downloads/Antiga\Documentos\Contrato Prestação de Serviços..docx
2025-04-29 11:14:56,708 - INFO - Arquivo movido: De C:/Users/Haikom/Downloads/Antiga\Contrato TL x Alexsandro.docx para C:/Users/Haikom/Downloads/Antiga\Documentos\Contrato TL x Alexsandro.docx
2025-04-29 11:14:56,711 - INFO - Arquivo movido: De C:/Users/Haikom/Downloads/Antiga\contrato-num-329123.pdf para C:/Users/Haikom/Downloads/Antiga\Documentos\contrato-num-329123.pdf
2025-04-29 11:14:56,715 - INFO - Arquivo movido: De C:/Users/Haikom/Downloads/Antiga\contrato_203641.pdf.pdf para C:/Users/Haikom/Downloads/Antiga\Documentos\contrato_203641.pdf.pdf
2025-04-29 11:14:56,719 - INFO - Arquivo movido: De C:/Users/Haikom/Downloads/Antiga\Conversa Obra 26.04.2024.m4a para C:/Users/Haikom/Downloads/Antiga\Outros\Conversa Obra 26.04.2024.m4a
2025-04-29 11:14:56,722 - INFO - Arquivo movido: De C:/Users/Haikom/Downloads/Antiga\Conversa Obra 26.04.2024_original.txt para C:/Users/Haikom/Downloads/Antiga\Documentos\Conversa Obra 26.04.2024_original.txt
2025-04-29 11:14:56,726 - INFO - Arquivo movido: De C:/Users/Haikom/Downloads/Antiga\Conversa Obra 26.mp4 para C:/Users/Haikom/Downloads/Antiga\Vídeos\Conversa Obra 26.mp4
2025-04-29 11:14:56,729 - INFO - Arquivo movido: De C:/Users/Haikom/Downloads/Antiga\converted_model.obj para C:/Users/Haikom/Downloads/Antiga\Outros\converted_model.obj
2025-04-29 11:14:56,734 - INFO - Arquivo movido: De C:/Users/Haikom/Downloads/Antiga\converted_model_with_vertices.obj para C:/Users/Haikom/Downloads/Antiga\Outros\converted_model_with_vertices.obj
2025-04-29 11:14:56,737 - INFO - Arquivo movido: De C:/Users/Haikom/Downloads/Antiga\Corinthians.deskthemepack para C:/Users/Haikom/Downloads/Antiga\Outros\Corinthians.deskthemepack
2025-04-29 11:14:56,740 - INFO - Arquivo movido: De C:/Users/Haikom/Downloads/Antiga\CRLV-e_11290155149095P0025.pdf (1).pdf para C:/Users/Haikom/Downloads/Antiga\Documentos\CRLV-e_11290155149095P0025.pdf (1).pdf
2025-04-29 11:14:56,744 - INFO - Arquivo movido: De C:/Users/Haikom/Downloads/Antiga\CRLV-e_11290155149095P0025.pdf.pdf para C:/Users/Haikom/Downloads/Antiga\Documentos\CRLV-e_11290155149095P0025.pdf.pdf
2025-04-29 11:14:56,748 - INFO - Arquivo movido: De C:/Users/Haikom/Downloads/Antiga\crystaldiskinfo-portable-9-5-0.zip para C:/Users/Haikom/Downloads/Antiga\Compactados\crystaldiskinfo-portable-9-5-0.zip
2025-04-29 11:14:56,752 - INFO - Arquivo movido: De C:/Users/Haikom/Downloads/Antiga\curriculo_wendel_stg.pdf para C:/Users/Haikom/Downloads/Antiga\Documentos\curriculo_wendel_stg.pdf
2025-04-29 11:14:56,755 - INFO - Arquivo movido: De C:/Users/Haikom/Downloads/Antiga\curriculum.pdf para C:/Users/Haikom/Downloads/Antiga\Documentos\curriculum.pdf
2025-04-29 11:14:56,759 - INFO - Arquivo movido: De C:/Users/Haikom/Downloads/Antiga\Currículo - Cristhian Michalak.pdf para C:/Users/Haikom/Downloads/Antiga\Documentos\Currículo - Cristhian Michalak.pdf
2025-04-29 11:14:56,763 - INFO - Arquivo movido: De C:/Users/Haikom/Downloads/Antiga\CurrículoAllanMuniz.pdf para C:/Users/Haikom/Downloads/Antiga\Documentos\CurrículoAllanMuniz.pdf
2025-04-29 11:14:56,767 - INFO - Arquivo movido: De C:/Users/Haikom/Downloads/Antiga\CV Dev - Ana Luíza de Abreu Sarmento.pdf para C:/Users/Haikom/Downloads/Antiga\Documentos\CV Dev - Ana Luíza de Abreu Sarmento.pdf
2025-04-29 11:14:56,770 - INFO - Arquivo movido: De C:/Users/Haikom/Downloads/Antiga\CV GABRIEL 2025.pdf para C:/Users/Haikom/Downloads/Antiga\Documentos\CV GABRIEL 2025.pdf
2025-04-29 11:14:56,773 - INFO - Arquivo movido: De C:/Users/Haikom/Downloads/Antiga\d-d-spell-5e.apk para C:/Users/Haikom/Downloads/Antiga\Outros\d-d-spell-5e.apk
2025-04-29 11:14:56,776 - INFO - Arquivo movido: De C:/Users/Haikom/Downloads/Antiga\Dados.csv para C:/Users/Haikom/Downloads/Antiga\Outros\Dados.csv
2025-04-29 11:14:56,780 - INFO - Arquivo movido: De C:/Users/Haikom/Downloads/Antiga\Dados.xlsx para C:/Users/Haikom/Downloads/Antiga\Documentos\Dados.xlsx
2025-04-29 11:14:56,784 - INFO - Arquivo movido: De C:/Users/Haikom/Downloads/Antiga\DADOS_FATURAMENTO_EMPRESAS.CSV para C:/Users/Haikom/Downloads/Antiga\Outros\DADOS_FATURAMENTO_EMPRESAS.CSV
2025-04-29 11:14:56,787 - INFO - Arquivo movido: De C:/Users/Haikom/Downloads/Antiga\DADOS_TITULOS.CSV para C:/Users/Haikom/Downloads/Antiga\Outros\DADOS_TITULOS.CSV
2025-04-29 11:14:56,790 - INFO - Arquivo movido: De C:/Users/Haikom/Downloads/Antiga\DANFE_42241055465433000104550010000001091649887438.pdf para C:/Users/Haikom/Downloads/Antiga\Documentos\DANFE_42241055465433000104550010000001091649887438.pdf
2025-04-29 11:14:56,796 - INFO - Arquivo movido: De C:/Users/Haikom/Downloads/Antiga\DASNSIMEI-Recibo-454122882024001.pdf para C:/Users/Haikom/Downloads/Antiga\Documentos\DASNSIMEI-Recibo-454122882024001.pdf
2025-04-29 11:14:56,799 - INFO - Arquivo movido: De C:/Users/Haikom/Downloads/Antiga\DASNSIMEI-Recibo-454122882024002.pdf para C:/Users/Haikom/Downloads/Antiga\Documentos\DASNSIMEI-Recibo-454122882024002.pdf
2025-04-29 11:14:56,803 - INFO - Arquivo movido: De C:/Users/Haikom/Downloads/Antiga\database.py para C:/Users/Haikom/Downloads/Antiga\Código\database.py
2025-04-29 11:14:56,806 - INFO - Arquivo movido: De C:/Users/Haikom/Downloads/Antiga\default.html para C:/Users/Haikom/Downloads/Antiga\Código\default.html
2025-04-29 11:14:56,810 - INFO - Arquivo movido: De C:/Users/Haikom/Downloads/Antiga\depends22_x64.zip para C:/Users/Haikom/Downloads/Antiga\Compactados\depends22_x64.zip
2025-04-29 11:14:56,813 - INFO - Arquivo movido: De C:/Users/Haikom/Downloads/Antiga\DER.pdf para C:/Users/Haikom/Downloads/Antiga\Documentos\DER.pdf
2025-04-29 11:14:56,817 - INFO - Arquivo movido: De C:/Users/Haikom/Downloads/Antiga\Desenvolvedor Júnior.docx para C:/Users/Haikom/Downloads/Antiga\Documentos\Desenvolvedor Júnior.docx
2025-04-29 11:14:56,820 - INFO - Arquivo movido: De C:/Users/Haikom/Downloads/Antiga\Design sem nome.zip para C:/Users/Haikom/Downloads/Antiga\Compactados\Design sem nome.zip
2025-04-29 11:14:56,823 - INFO - Arquivo movido: De C:/Users/Haikom/Downloads/Antiga\Discrep_ncias_Entre_Notas_e_T_tulos.csv para C:/Users/Haikom/Downloads/Antiga\Outros\Discrep_ncias_Entre_Notas_e_T_tulos.csv
2025-04-29 11:14:56,827 - INFO - Arquivo movido: De C:/Users/Haikom/Downloads/Antiga\django-readthedocs-io-en-4.2.x.pdf para C:/Users/Haikom/Downloads/Antiga\Documentos\django-readthedocs-io-en-4.2.x.pdf
2025-04-29 11:14:56,830 - INFO - Arquivo movido: De C:/Users/Haikom/Downloads/Antiga\django-readthedocs-io-en-5.1.x.pdf para C:/Users/Haikom/Downloads/Antiga\Documentos\django-readthedocs-io-en-5.1.x.pdf
2025-04-29 11:14:56,834 - INFO - Arquivo movido: De C:/Users/Haikom/Downloads/Antiga\django-rest-framework-json-api-readthedocs-io-en-v4.2.1.pdf para C:/Users/Haikom/Downloads/Antiga\Documentos\django-rest-framework-json-api-readthedocs-io-en-v4.2.1.pdf
2025-04-29 11:14:56,837 - INFO - Arquivo movido: De C:/Users/Haikom/Downloads/Antiga\Document.docx para C:/Users/Haikom/Downloads/Antiga\Documentos\Document.docx
2025-04-29 11:14:56,840 - INFO - Arquivo movido: De C:/Users/Haikom/Downloads/Antiga\Document.pdf para C:/Users/Haikom/Downloads/Antiga\Documentos\Document.pdf
2025-04-29 11:14:56,844 - INFO - Arquivo movido: De C:/Users/Haikom/Downloads/Antiga\Documento.docx para C:/Users/Haikom/Downloads/Antiga\Documentos\Documento.docx
2025-04-29 11:14:56,847 - INFO - Arquivo movido: De C:/Users/Haikom/Downloads/Antiga\dungeon-helper-functions.txt para C:/Users/Haikom/Downloads/Antiga\Documentos\dungeon-helper-functions.txt
2025-04-29 11:14:56,851 - INFO - Arquivo movido: De C:/Users/Haikom/Downloads/Antiga\Edital_2024_Autuação_534.pdf para C:/Users/Haikom/Downloads/Antiga\Documentos\Edital_2024_Autuação_534.pdf
2025-04-29 11:14:56,855 - INFO - Arquivo movido: De C:/Users/Haikom/Downloads/Antiga\EFD NOVEMBRO - TL DISTRIBUIDORA.zip para C:/Users/Haikom/Downloads/Antiga\Compactados\EFD NOVEMBRO - TL DISTRIBUIDORA.zip
2025-04-29 11:14:56,858 - INFO - Arquivo movido: De C:/Users/Haikom/Downloads/Antiga\elvish_ring_nfi.zip para C:/Users/Haikom/Downloads/Antiga\Compactados\elvish_ring_nfi.zip
2025-04-29 11:14:56,861 - INFO - Arquivo movido: De C:/Users/Haikom/Downloads/Antiga\email-java-sankhya-main.zip para C:/Users/Haikom/Downloads/Antiga\Compactados\email-java-sankhya-main.zip
2025-04-29 11:14:56,865 - INFO - Arquivo movido: De C:/Users/Haikom/Downloads/Antiga\email_personalizado.zip para C:/Users/Haikom/Downloads/Antiga\Compactados\email_personalizado.zip
2025-04-29 11:14:56,868 - INFO - Arquivo movido: De C:/Users/Haikom/Downloads/Antiga\Estoque CM-CD2-30-11-24.xlsx para C:/Users/Haikom/Downloads/Antiga\Documentos\Estoque CM-CD2-30-11-24.xlsx
2025-04-29 11:14:56,873 - INFO - Arquivo movido: De C:/Users/Haikom/Downloads/Antiga\Estoque CM-CD2-31-10-24.xlsx para C:/Users/Haikom/Downloads/Antiga\Documentos\Estoque CM-CD2-31-10-24.xlsx
2025-04-29 11:14:56,876 - INFO - Arquivo movido: De C:/Users/Haikom/Downloads/Antiga\Estoque CM-CD2-31-12-24.xlsx para C:/Users/Haikom/Downloads/Antiga\Documentos\Estoque CM-CD2-31-12-24.xlsx
2025-04-29 11:14:56,879 - INFO - Arquivo movido: De C:/Users/Haikom/Downloads/Antiga\Estoque.txt para C:/Users/Haikom/Downloads/Antiga\Documentos\Estoque.txt
2025-04-29 11:14:56,883 - INFO - Arquivo movido: De C:/Users/Haikom/Downloads/Antiga\Estrutura Blip.CSV para C:/Users/Haikom/Downloads/Antiga\Outros\Estrutura Blip.CSV
2025-04-29 11:14:56,887 - INFO - Arquivo movido: De C:/Users/Haikom/Downloads/Antiga\EvtEnvioEmailEntrada.jar para C:/Users/Haikom/Downloads/Antiga\Outros\EvtEnvioEmailEntrada.jar
2025-04-29 11:14:56,890 - INFO - Arquivo movido: De C:/Users/Haikom/Downloads/Antiga\EvtValidadorEstoque.js para C:/Users/Haikom/Downloads/Antiga\Código\EvtValidadorEstoque.js
2025-04-29 11:14:56,894 - INFO - Arquivo movido: De C:/Users/Haikom/Downloads/Antiga\EvtValidadorInativacaoProduto.jar para C:/Users/Haikom/Downloads/Antiga\Outros\EvtValidadorInativacaoProduto.jar
2025-04-29 11:14:56,897 - INFO - Arquivo movido: De C:/Users/Haikom/Downloads/Antiga\EvtVerificaCDs.jar para C:/Users/Haikom/Downloads/Antiga\Outros\EvtVerificaCDs.jar
2025-04-29 11:14:56,902 - INFO - Arquivo movido: De C:/Users/Haikom/Downloads/Antiga\EvtVerificaEstoqueCD.jar para C:/Users/Haikom/Downloads/Antiga\Outros\EvtVerificaEstoqueCD.jar
2025-04-29 11:14:56,906 - INFO - Arquivo movido: De C:/Users/Haikom/Downloads/Antiga\Excel com as Duas Bases.xlsx para C:/Users/Haikom/Downloads/Antiga\Documentos\Excel com as Duas Bases.xlsx
2025-04-29 11:14:56,909 - INFO - Arquivo movido: De C:/Users/Haikom/Downloads/Antiga\exp-NFe-01-09-2024-19-09-2024.zip para C:/Users/Haikom/Downloads/Antiga\Compactados\exp-NFe-01-09-2024-19-09-2024.zip
2025-04-29 11:14:56,913 - INFO - Arquivo movido: De C:/Users/Haikom/Downloads/Antiga\Extracted_JPGLib.dll para C:/Users/Haikom/Downloads/Antiga\Outros\Extracted_JPGLib.dll
2025-04-29 11:14:56,916 - INFO - Arquivo movido: De C:/Users/Haikom/Downloads/Antiga\FATURAMENTO LOJAS PRÓPRIAS POR VENDEDOR.sql para C:/Users/Haikom/Downloads/Antiga\Código\FATURAMENTO LOJAS PRÓPRIAS POR VENDEDOR.sql
2025-04-29 11:14:56,919 - INFO - Arquivo movido: De C:/Users/Haikom/Downloads/Antiga\Faturamento Por Titulo.sql para C:/Users/Haikom/Downloads/Antiga\Código\Faturamento Por Titulo.sql
2025-04-29 11:14:56,923 - INFO - Arquivo movido: De C:/Users/Haikom/Downloads/Antiga\FATURAMENTO_GERAL_TITULOS_FINANCEIROS_-PILOTO.xlsx para C:/Users/Haikom/Downloads/Antiga\Documentos\FATURAMENTO_GERAL_TITULOS_FINANCEIROS_-PILOTO.xlsx
2025-04-29 11:14:56,926 - INFO - Arquivo movido: De C:/Users/Haikom/Downloads/Antiga\Ficha D&D.pdf para C:/Users/Haikom/Downloads/Antiga\Documentos\Ficha D&D.pdf
2025-04-29 11:14:56,932 - INFO - Arquivo movido: De C:/Users/Haikom/Downloads/Antiga\FileZilla_3.68.1_win64-setup.exe para C:/Users/Haikom/Downloads/Antiga\Executáveis\FileZilla_3.68.1_win64-setup.exe
2025-04-29 11:14:56,936 - INFO - Arquivo movido: De C:/Users/Haikom/Downloads/Antiga\Financeiro (1).txt para C:/Users/Haikom/Downloads/Antiga\Documentos\Financeiro (1).txt
2025-04-29 11:14:56,940 - INFO - Arquivo movido: De C:/Users/Haikom/Downloads/Antiga\Financeiro.txt para C:/Users/Haikom/Downloads/Antiga\Documentos\Financeiro.txt
2025-04-29 11:14:56,943 - INFO - Arquivo movido: De C:/Users/Haikom/Downloads/Antiga\first_order.zip para C:/Users/Haikom/Downloads/Antiga\Compactados\first_order.zip
2025-04-29 11:14:56,947 - INFO - Arquivo movido: De C:/Users/Haikom/Downloads/Antiga\Formulário de Escopo de Projetos (1).doc para C:/Users/Haikom/Downloads/Antiga\Documentos\Formulário de Escopo de Projetos (1).doc
2025-04-29 11:14:56,951 - INFO - Arquivo movido: De C:/Users/Haikom/Downloads/Antiga\Formulário de Escopo de Projetos (2).doc para C:/Users/Haikom/Downloads/Antiga\Documentos\Formulário de Escopo de Projetos (2).doc
2025-04-29 11:14:56,954 - INFO - Arquivo movido: De C:/Users/Haikom/Downloads/Antiga\Formulário de Escopo de Projetos.doc para C:/Users/Haikom/Downloads/Antiga\Documentos\Formulário de Escopo de Projetos.doc
2025-04-29 11:14:56,958 - INFO - Arquivo movido: De C:/Users/Haikom/Downloads/Antiga\FoV_Sphere.zip para C:/Users/Haikom/Downloads/Antiga\Compactados\FoV_Sphere.zip
2025-04-29 11:14:56,963 - INFO - Arquivo movido: De C:/Users/Haikom/Downloads/Antiga\freemocap_windows_exe.zip para C:/Users/Haikom/Downloads/Antiga\Compactados\freemocap_windows_exe.zip
2025-04-29 11:14:56,967 - INFO - Arquivo movido: De C:/Users/Haikom/Downloads/Antiga\frontend_6suguk.zip para C:/Users/Haikom/Downloads/Antiga\Compactados\frontend_6suguk.zip
2025-04-29 11:14:56,970 - INFO - Arquivo movido: De C:/Users/Haikom/Downloads/Antiga\Funcoes.txt para C:/Users/Haikom/Downloads/Antiga\Documentos\Funcoes.txt
2025-04-29 11:14:56,974 - INFO - Arquivo movido: De C:/Users/Haikom/Downloads/Antiga\fzjpcgof.php para C:/Users/Haikom/Downloads/Antiga\Código\fzjpcgof.php
2025-04-29 11:14:56,983 - INFO - Arquivo movido: De C:/Users/Haikom/Downloads/Antiga\GETJAR-24042024-HENRIQUE.jar para C:/Users/Haikom/Downloads/Antiga\Outros\GETJAR-24042024-HENRIQUE.jar
2025-04-29 11:14:56,987 - INFO - Arquivo movido: De C:/Users/Haikom/Downloads/Antiga\GExperts_RS12_1.3.25_2024-08-24.exe para C:/Users/Haikom/Downloads/Antiga\Executáveis\GExperts_RS12_1.3.25_2024-08-24.exe
2025-04-29 11:14:56,990 - INFO - Arquivo movido: De C:/Users/Haikom/Downloads/Antiga\github-recovery-codes.txt para C:/Users/Haikom/Downloads/Antiga\Documentos\github-recovery-codes.txt
2025-04-29 11:14:56,993 - INFO - Arquivo movido: De C:/Users/Haikom/Downloads/Antiga\git_project_nowa-labs-react.git_6wy10u.zip para C:/Users/Haikom/Downloads/Antiga\Compactados\git_project_nowa-labs-react.git_6wy10u.zip
2025-04-29 11:14:56,998 - INFO - Arquivo movido: De C:/Users/Haikom/Downloads/Antiga\git_project_nowa-labs-react.git_6wz4iv.zip para C:/Users/Haikom/Downloads/Antiga\Compactados\git_project_nowa-labs-react.git_6wz4iv.zip
2025-04-29 11:14:57,001 - INFO - Arquivo movido: De C:/Users/Haikom/Downloads/Antiga\git_project_nowa-labs-react.git_6x2l3x.zip para C:/Users/Haikom/Downloads/Antiga\Compactados\git_project_nowa-labs-react.git_6x2l3x.zip
2025-04-29 11:14:57,005 - INFO - Arquivo movido: De C:/Users/Haikom/Downloads/Antiga\git_project_nowa-labs-react.git_6x82xf.zip para C:/Users/Haikom/Downloads/Antiga\Compactados\git_project_nowa-labs-react.git_6x82xf.zip
2025-04-29 11:14:57,008 - INFO - Arquivo movido: De C:/Users/Haikom/Downloads/Antiga\Gmail - Solicitação de Verificação de Integração de Boleto via API – Valdir Móveis.docx para C:/Users/Haikom/Downloads/Antiga\Documentos\Gmail - Solicitação de Verificação de Integração de Boleto via API – Valdir Móveis.docx
2025-04-29 11:14:57,013 - INFO - Arquivo movido: De C:/Users/Haikom/Downloads/Antiga\Gmail - Solicitação de Verificação de Integração de Boleto via API – Valdir Móveis.pdf para C:/Users/Haikom/Downloads/Antiga\Documentos\Gmail - Solicitação de Verificação de Integração de Boleto via API – Valdir Móveis.pdf
2025-04-29 11:14:57,016 - INFO - Arquivo movido: De C:/Users/Haikom/Downloads/Antiga\google24c907f4c10821f3.html para C:/Users/Haikom/Downloads/Antiga\Código\google24c907f4c10821f3.html
2025-04-29 11:14:57,020 - INFO - Arquivo movido: De C:/Users/Haikom/Downloads/Antiga\Great Sword Pack.zip para C:/Users/Haikom/Downloads/Antiga\Compactados\Great Sword Pack.zip
2025-04-29 11:14:57,024 - INFO - Arquivo movido: De C:/Users/Haikom/Downloads/Antiga\Grizzlek.jpeg para C:/Users/Haikom/Downloads/Antiga\Imagens\Grizzlek.jpeg
2025-04-29 11:14:57,028 - INFO - Arquivo movido: De C:/Users/Haikom/Downloads/Antiga\Guia_LZA5801_557118940.pdf para C:/Users/Haikom/Downloads/Antiga\Documentos\Guia_LZA5801_557118940.pdf
2025-04-29 11:14:57,032 - INFO - Arquivo movido: De C:/Users/Haikom/Downloads/Antiga\h4X-zqm1kP6MIdR-cWIt9vTJAnNaElBHZ0u_-ApD.zip para C:/Users/Haikom/Downloads/Antiga\Compactados\h4X-zqm1kP6MIdR-cWIt9vTJAnNaElBHZ0u_-ApD.zip
2025-04-29 11:14:57,035 - INFO - Arquivo movido: De C:/Users/Haikom/Downloads/Antiga\Henrique Costa Currículo  (1).pdf para C:/Users/Haikom/Downloads/Antiga\Documentos\Henrique Costa Currículo  (1).pdf
2025-04-29 11:14:57,039 - INFO - Arquivo movido: De C:/Users/Haikom/Downloads/Antiga\heuristic_converted_model.obj para C:/Users/Haikom/Downloads/Antiga\Outros\heuristic_converted_model.obj
2025-04-29 11:14:57,043 - INFO - Arquivo movido: De C:/Users/Haikom/Downloads/Antiga\HxDSetup.zip para C:/Users/Haikom/Downloads/Antiga\Compactados\HxDSetup.zip
2025-04-29 11:14:57,047 - INFO - Arquivo movido: De C:/Users/Haikom/Downloads/Antiga\IMPRESSÃO DE CARTAZ FOCO PARCELAMENTO.zip para C:/Users/Haikom/Downloads/Antiga\Compactados\IMPRESSÃO DE CARTAZ FOCO PARCELAMENTO.zip
2025-04-29 11:14:57,051 - INFO - Arquivo movido: De C:/Users/Haikom/Downloads/Antiga\Inativo com Estoque.xlsx para C:/Users/Haikom/Downloads/Antiga\Documentos\Inativo com Estoque.xlsx
2025-04-29 11:14:57,055 - INFO - Arquivo movido: De C:/Users/Haikom/Downloads/Antiga\index.php para C:/Users/Haikom/Downloads/Antiga\Código\index.php
2025-04-29 11:14:57,059 - INFO - Arquivo movido: De C:/Users/Haikom/Downloads/Antiga\Inglês em 1 minuto ¦ Babbel (128kbit_AAC).m4a para C:/Users/Haikom/Downloads/Antiga\Outros\Inglês em 1 minuto ¦ Babbel (128kbit_AAC).m4a
2025-04-29 11:14:57,062 - INFO - Arquivo movido: De C:/Users/Haikom/Downloads/Antiga\Integração DDA Itaú.pdf para C:/Users/Haikom/Downloads/Antiga\Documentos\Integração DDA Itaú.pdf
2025-04-29 11:14:57,066 - INFO - Arquivo movido: De C:/Users/Haikom/Downloads/Antiga\invite.ics para C:/Users/Haikom/Downloads/Antiga\Outros\invite.ics
2025-04-29 11:14:57,069 - INFO - Arquivo movido: De C:/Users/Haikom/Downloads/Antiga\ireport-fonts-jboss405.pkg para C:/Users/Haikom/Downloads/Antiga\Outros\ireport-fonts-jboss405.pkg
2025-04-29 11:14:57,073 - INFO - Arquivo movido: De C:/Users/Haikom/Downloads/Antiga\iReport-Plugin-Snk-20240923T134838Z-001.zip para C:/Users/Haikom/Downloads/Antiga\Compactados\iReport-Plugin-Snk-20240923T134838Z-001.zip
2025-04-29 11:14:57,076 - INFO - Arquivo movido: De C:/Users/Haikom/Downloads/Antiga\iReport_Guide.pdf para C:/Users/Haikom/Downloads/Antiga\Documentos\iReport_Guide.pdf
2025-04-29 11:14:57,080 - INFO - Arquivo movido: De C:/Users/Haikom/Downloads/Antiga\JavaDocClassesUtilitarias.zip para C:/Users/Haikom/Downloads/Antiga\Compactados\JavaDocClassesUtilitarias.zip
2025-04-29 11:14:57,084 - INFO - Arquivo movido: De C:/Users/Haikom/Downloads/Antiga\Job Description - Backend .NET C#.docx.pdf para C:/Users/Haikom/Downloads/Antiga\Documentos\Job Description - Backend .NET C#.docx.pdf
2025-04-29 11:14:57,087 - INFO - Arquivo movido: De C:/Users/Haikom/Downloads/Antiga\Job Description - Líder de Estoque.pdf para C:/Users/Haikom/Downloads/Antiga\Documentos\Job Description - Líder de Estoque.pdf
2025-04-29 11:14:57,091 - INFO - Arquivo movido: De C:/Users/Haikom/Downloads/Antiga\jpegsr9f.zip para C:/Users/Haikom/Downloads/Antiga\Compactados\jpegsr9f.zip
2025-04-29 11:14:57,094 - INFO - Arquivo movido: De C:/Users/Haikom/Downloads/Antiga\Kit 2 Tinta Spray Secagem Rápida Automotivo Todas As Cores.pdf para C:/Users/Haikom/Downloads/Antiga\Documentos\Kit 2 Tinta Spray Secagem Rápida Automotivo Todas As Cores.pdf
2025-04-29 11:14:57,097 - INFO - Arquivo movido: De C:/Users/Haikom/Downloads/Antiga\Lestan sinë lóti.pdf para C:/Users/Haikom/Downloads/Antiga\Documentos\Lestan sinë lóti.pdf
2025-04-29 11:14:57,101 - INFO - Arquivo movido: De C:/Users/Haikom/Downloads/Antiga\libav-master.zip para C:/Users/Haikom/Downloads/Antiga\Compactados\libav-master.zip
2025-04-29 11:14:57,105 - INFO - Arquivo movido: De C:/Users/Haikom/Downloads/Antiga\Log-valdirmoveis (1).txt para C:/Users/Haikom/Downloads/Antiga\Documentos\Log-valdirmoveis (1).txt
2025-04-29 11:14:57,109 - INFO - Arquivo movido: De C:/Users/Haikom/Downloads/Antiga\Log-valdirmoveis (2).txt para C:/Users/Haikom/Downloads/Antiga\Documentos\Log-valdirmoveis (2).txt
2025-04-29 11:14:57,112 - INFO - Arquivo movido: De C:/Users/Haikom/Downloads/Antiga\Log-valdirmoveis.txt para C:/Users/Haikom/Downloads/Antiga\Documentos\Log-valdirmoveis.txt
2025-04-29 11:14:57,116 - INFO - Arquivo movido: De C:/Users/Haikom/Downloads/Antiga\logwatch-7.11.tar.gz para C:/Users/Haikom/Downloads/Antiga\Compactados\logwatch-7.11.tar.gz
2025-04-29 11:14:57,120 - INFO - Arquivo movido: De C:/Users/Haikom/Downloads/Antiga\LuaBridge-2.8.zip para C:/Users/Haikom/Downloads/Antiga\Compactados\LuaBridge-2.8.zip
2025-04-29 11:14:57,123 - INFO - Arquivo movido: De C:/Users/Haikom/Downloads/Antiga\Lógica Final - TELA BONUS POR CAMPANHA.sql para C:/Users/Haikom/Downloads/Antiga\Código\Lógica Final - TELA BONUS POR CAMPANHA.sql
2025-04-29 11:14:57,126 - INFO - Arquivo movido: De C:/Users/Haikom/Downloads/Antiga\Lógica Inicial - TELA BONUS POR CAMPANHA.sql para C:/Users/Haikom/Downloads/Antiga\Código\Lógica Inicial - TELA BONUS POR CAMPANHA.sql
2025-04-29 11:14:57,129 - INFO - Arquivo movido: De C:/Users/Haikom/Downloads/Antiga\Lógica Intermediaria - TELA BONUS POR CAMPANHA.sql para C:/Users/Haikom/Downloads/Antiga\Código\Lógica Intermediaria - TELA BONUS POR CAMPANHA.sql
2025-04-29 11:14:57,133 - INFO - Arquivo movido: De C:/Users/Haikom/Downloads/Antiga\manualintegradosnnfse_v1-00-02-producao.pdf para C:/Users/Haikom/Downloads/Antiga\Documentos\manualintegradosnnfse_v1-00-02-producao.pdf
2025-04-29 11:14:57,136 - INFO - Arquivo movido: De C:/Users/Haikom/Downloads/Antiga\Manual_offline.pdf para C:/Users/Haikom/Downloads/Antiga\Documentos\Manual_offline.pdf
2025-04-29 11:14:57,139 - INFO - Arquivo movido: De C:/Users/Haikom/Downloads/Antiga\Melhorias de setores.docx para C:/Users/Haikom/Downloads/Antiga\Documentos\Melhorias de setores.docx
2025-04-29 11:14:57,142 - INFO - Arquivo movido: De C:/Users/Haikom/Downloads/Antiga\memes.mp4 para C:/Users/Haikom/Downloads/Antiga\Vídeos\memes.mp4
2025-04-29 11:14:57,145 - INFO - Arquivo movido: De C:/Users/Haikom/Downloads/Antiga\mesh_14.nr para C:/Users/Haikom/Downloads/Antiga\Outros\mesh_14.nr
2025-04-29 11:14:57,149 - INFO - Arquivo movido: De C:/Users/Haikom/Downloads/Antiga\Meta Projecoes - Dezembro.xls para C:/Users/Haikom/Downloads/Antiga\Documentos\Meta Projecoes - Dezembro.xls
2025-04-29 11:14:57,152 - INFO - Arquivo movido: De C:/Users/Haikom/Downloads/Antiga\Metadados_AD_BLIPFILAEMP.zip para C:/Users/Haikom/Downloads/Antiga\Compactados\Metadados_AD_BLIPFILAEMP.zip
2025-04-29 11:14:57,156 - INFO - Arquivo movido: De C:/Users/Haikom/Downloads/Antiga\Metadados_AD_INVMASTER.zip para C:/Users/Haikom/Downloads/Antiga\Compactados\Metadados_AD_INVMASTER.zip
2025-04-29 11:14:57,159 - INFO - Arquivo movido: De C:/Users/Haikom/Downloads/Antiga\Metadados_AD_TSIEMPCNT.zip para C:/Users/Haikom/Downloads/Antiga\Compactados\Metadados_AD_TSIEMPCNT.zip
2025-04-29 11:14:57,162 - INFO - Arquivo movido: De C:/Users/Haikom/Downloads/Antiga\metadata_contagem_de_inventario_-_valdir_moveis.zip para C:/Users/Haikom/Downloads/Antiga\Compactados\metadata_contagem_de_inventario_-_valdir_moveis.zip
2025-04-29 11:14:57,166 - INFO - Arquivo movido: De C:/Users/Haikom/Downloads/Antiga\modeloComponenteHtml5Completo (1).zip para C:/Users/Haikom/Downloads/Antiga\Compactados\modeloComponenteHtml5Completo (1).zip
2025-04-29 11:14:57,170 - INFO - Arquivo movido: De C:/Users/Haikom/Downloads/Antiga\modeloComponenteHtml5Completo.zip para C:/Users/Haikom/Downloads/Antiga\Compactados\modeloComponenteHtml5Completo.zip
2025-04-29 11:14:57,173 - INFO - Arquivo movido: De C:/Users/Haikom/Downloads/Antiga\modeloComponenteHtml5SimplesJS (1).zip para C:/Users/Haikom/Downloads/Antiga\Compactados\modeloComponenteHtml5SimplesJS (1).zip
2025-04-29 11:14:57,176 - INFO - Arquivo movido: De C:/Users/Haikom/Downloads/Antiga\modeloComponenteHtml5SimplesJS.zip para C:/Users/Haikom/Downloads/Antiga\Compactados\modeloComponenteHtml5SimplesJS.zip
2025-04-29 11:14:57,180 - INFO - Arquivo movido: De C:/Users/Haikom/Downloads/Antiga\Monitoramento (1).zip para C:/Users/Haikom/Downloads/Antiga\Compactados\Monitoramento (1).zip
2025-04-29 11:14:57,184 - INFO - Arquivo movido: De C:/Users/Haikom/Downloads/Antiga\Monitoramento.zip para C:/Users/Haikom/Downloads/Antiga\Compactados\Monitoramento.zip
2025-04-29 11:14:57,187 - INFO - Arquivo movido: De C:/Users/Haikom/Downloads/Antiga\Multiplayer RPG Starter Kit 4.22.zip para C:/Users/Haikom/Downloads/Antiga\Compactados\Multiplayer RPG Starter Kit 4.22.zip
2025-04-29 11:14:57,190 - INFO - Arquivo movido: De C:/Users/Haikom/Downloads/Antiga\NFe42220210948651004230550040001694801338293264.pdf para C:/Users/Haikom/Downloads/Antiga\Documentos\NFe42220210948651004230550040001694801338293264.pdf
2025-04-29 11:14:57,194 - INFO - Arquivo movido: De C:/Users/Haikom/Downloads/Antiga\NotaNFE_139369.xml para C:/Users/Haikom/Downloads/Antiga\Outros\NotaNFE_139369.xml
2025-04-29 11:14:57,198 - INFO - Arquivo movido: De C:/Users/Haikom/Downloads/Antiga\NotaNFE_139531 (1).xml para C:/Users/Haikom/Downloads/Antiga\Outros\NotaNFE_139531 (1).xml
2025-04-29 11:14:57,201 - INFO - Arquivo movido: De C:/Users/Haikom/Downloads/Antiga\NotaNFE_139531.xml para C:/Users/Haikom/Downloads/Antiga\Outros\NotaNFE_139531.xml
2025-04-29 11:14:57,205 - INFO - Arquivo movido: De C:/Users/Haikom/Downloads/Antiga\novo 3.txt para C:/Users/Haikom/Downloads/Antiga\Documentos\novo 3.txt
2025-04-29 11:14:57,208 - INFO - Arquivo movido: De C:/Users/Haikom/Downloads/Antiga\nowa-tec-clone.tsx para C:/Users/Haikom/Downloads/Antiga\Outros\nowa-tec-clone.tsx
2025-04-29 11:14:57,212 - INFO - Arquivo movido: De C:/Users/Haikom/Downloads/Antiga\nowamaster.pub para C:/Users/Haikom/Downloads/Antiga\Outros\nowamaster.pub
2025-04-29 11:14:57,215 - INFO - Arquivo movido: De C:/Users/Haikom/Downloads/Antiga\odbg110.zip para C:/Users/Haikom/Downloads/Antiga\Compactados\odbg110.zip
2025-04-29 11:14:57,219 - INFO - Arquivo movido: De C:/Users/Haikom/Downloads/Antiga\ojdbc17.jar para C:/Users/Haikom/Downloads/Antiga\Outros\ojdbc17.jar
2025-04-29 11:14:57,223 - INFO - Arquivo movido: De C:/Users/Haikom/Downloads/Antiga\ojdbc8.jar para C:/Users/Haikom/Downloads/Antiga\Outros\ojdbc8.jar
2025-04-29 11:14:57,226 - INFO - Arquivo movido: De C:/Users/Haikom/Downloads/Antiga\orcamento.md para C:/Users/Haikom/Downloads/Antiga\Outros\orcamento.md
2025-04-29 11:14:57,229 - INFO - Arquivo movido: De C:/Users/Haikom/Downloads/Antiga\Orcamento_Prestacao_Servicos.docx para C:/Users/Haikom/Downloads/Antiga\Documentos\Orcamento_Prestacao_Servicos.docx
2025-04-29 11:14:57,233 - INFO - Arquivo movido: De C:/Users/Haikom/Downloads/Antiga\Ordem-Paranormal-Ficha-de-Personagem.zip para C:/Users/Haikom/Downloads/Antiga\Compactados\Ordem-Paranormal-Ficha-de-Personagem.zip
2025-04-29 11:14:57,236 - INFO - Arquivo movido: De C:/Users/Haikom/Downloads/Antiga\ORDEMCARGA-RENAN-070624.JAR para C:/Users/Haikom/Downloads/Antiga\Outros\ORDEMCARGA-RENAN-070624.JAR
2025-04-29 11:14:57,240 - INFO - Arquivo movido: De C:/Users/Haikom/Downloads/Antiga\OwlCarousel2-2.3.4.zip para C:/Users/Haikom/Downloads/Antiga\Compactados\OwlCarousel2-2.3.4.zip
2025-04-29 11:14:57,243 - INFO - Arquivo movido: De C:/Users/Haikom/Downloads/Antiga\PacketAnalyzer-20240915T023914Z-001.zip para C:/Users/Haikom/Downloads/Antiga\Compactados\PacketAnalyzer-20240915T023914Z-001.zip
2025-04-29 11:14:57,246 - INFO - Arquivo movido: De C:/Users/Haikom/Downloads/Antiga\palette.txt para C:/Users/Haikom/Downloads/Antiga\Documentos\palette.txt
2025-04-29 11:14:57,250 - INFO - Arquivo movido: De C:/Users/Haikom/Downloads/Antiga\pdf2png.zip para C:/Users/Haikom/Downloads/Antiga\Compactados\pdf2png.zip
2025-04-29 11:14:57,253 - INFO - Arquivo movido: De C:/Users/Haikom/Downloads/Antiga\PGDV030105.TXT para C:/Users/Haikom/Downloads/Antiga\Documentos\PGDV030105.TXT
2025-04-29 11:14:57,256 - INFO - Arquivo movido: De C:/Users/Haikom/Downloads/Antiga\PLANILHA NOVA DE FOLHA 01-2025.xls para C:/Users/Haikom/Downloads/Antiga\Documentos\PLANILHA NOVA DE FOLHA 01-2025.xls
2025-04-29 11:14:57,263 - INFO - Arquivo movido: De C:/Users/Haikom/Downloads/Antiga\Player.pas para C:/Users/Haikom/Downloads/Antiga\Outros\Player.pas
2025-04-29 11:14:57,266 - INFO - Arquivo movido: De C:/Users/Haikom/Downloads/Antiga\Português.pdf.pdf para C:/Users/Haikom/Downloads/Antiga\Documentos\Português.pdf.pdf
2025-04-29 11:14:57,269 - INFO - Arquivo movido: De C:/Users/Haikom/Downloads/Antiga\PRECO_RENAN_080724.jar para C:/Users/Haikom/Downloads/Antiga\Outros\PRECO_RENAN_080724.jar
2025-04-29 11:14:57,273 - INFO - Arquivo movido: De C:/Users/Haikom/Downloads/Antiga\ProcessExplorer (1).zip para C:/Users/Haikom/Downloads/Antiga\Compactados\ProcessExplorer (1).zip
2025-04-29 11:14:57,277 - INFO - Arquivo movido: De C:/Users/Haikom/Downloads/Antiga\ProcessExplorer.zip para C:/Users/Haikom/Downloads/Antiga\Compactados\ProcessExplorer.zip
2025-04-29 11:14:57,280 - INFO - Arquivo movido: De C:/Users/Haikom/Downloads/Antiga\ProcessMonitor.zip para C:/Users/Haikom/Downloads/Antiga\Compactados\ProcessMonitor.zip
2025-04-29 11:14:57,284 - INFO - Arquivo movido: De C:/Users/Haikom/Downloads/Antiga\Processo Financeiro V2.txt para C:/Users/Haikom/Downloads/Antiga\Documentos\Processo Financeiro V2.txt
2025-04-29 11:14:57,288 - INFO - Arquivo movido: De C:/Users/Haikom/Downloads/Antiga\Processo Financeiro.txt para C:/Users/Haikom/Downloads/Antiga\Documentos\Processo Financeiro.txt
2025-04-29 11:14:57,291 - INFO - Arquivo movido: De C:/Users/Haikom/Downloads/Antiga\processo_1.bpmn para C:/Users/Haikom/Downloads/Antiga\Outros\processo_1.bpmn
2025-04-29 11:14:57,295 - INFO - Arquivo movido: De C:/Users/Haikom/Downloads/Antiga\processo_2.bpmn para C:/Users/Haikom/Downloads/Antiga\Outros\processo_2.bpmn
2025-04-29 11:14:57,298 - INFO - Arquivo movido: De C:/Users/Haikom/Downloads/Antiga\processo_6.bpmn para C:/Users/Haikom/Downloads/Antiga\Outros\processo_6.bpmn
2025-04-29 11:14:57,302 - INFO - Arquivo movido: De C:/Users/Haikom/Downloads/Antiga\professional_portfolio_website_2rgc16.zip para C:/Users/Haikom/Downloads/Antiga\Compactados\professional_portfolio_website_2rgc16.zip
2025-04-29 11:14:57,305 - INFO - Arquivo movido: De C:/Users/Haikom/Downloads/Antiga\professional_portfolio_website_6hif20.zip para C:/Users/Haikom/Downloads/Antiga\Compactados\professional_portfolio_website_6hif20.zip
2025-04-29 11:14:57,311 - INFO - Arquivo movido: De C:/Users/Haikom/Downloads/Antiga\Projeto Blip.docx para C:/Users/Haikom/Downloads/Antiga\Documentos\Projeto Blip.docx
2025-04-29 11:14:57,315 - INFO - Arquivo movido: De C:/Users/Haikom/Downloads/Antiga\Query de Teste com Simulações.csv para C:/Users/Haikom/Downloads/Antiga\Outros\Query de Teste com Simulações.csv
2025-04-29 11:14:57,319 - INFO - Arquivo movido: De C:/Users/Haikom/Downloads/Antiga\Query de Teste com Simulações_pt2.csv para C:/Users/Haikom/Downloads/Antiga\Outros\Query de Teste com Simulações_pt2.csv
2025-04-29 11:14:57,323 - INFO - Arquivo movido: De C:/Users/Haikom/Downloads/Antiga\Query_and_Chart_Analysis (1).xlsx para C:/Users/Haikom/Downloads/Antiga\Documentos\Query_and_Chart_Analysis (1).xlsx
2025-04-29 11:14:57,326 - INFO - Arquivo movido: De C:/Users/Haikom/Downloads/Antiga\Query_and_Chart_Analysis.csv para C:/Users/Haikom/Downloads/Antiga\Outros\Query_and_Chart_Analysis.csv
2025-04-29 11:14:57,330 - INFO - Arquivo movido: De C:/Users/Haikom/Downloads/Antiga\Query_and_Chart_Analysis.xlsx para C:/Users/Haikom/Downloads/Antiga\Documentos\Query_and_Chart_Analysis.xlsx
2025-04-29 11:14:57,333 - INFO - Arquivo movido: De C:/Users/Haikom/Downloads/Antiga\react_with_styled_components_theme_6wd7uy.zip para C:/Users/Haikom/Downloads/Antiga\Compactados\react_with_styled_components_theme_6wd7uy.zip
2025-04-29 11:14:57,336 - INFO - Arquivo movido: De C:/Users/Haikom/Downloads/Antiga\RECALTIPNEG-26092024-HENRIQUE.jar para C:/Users/Haikom/Downloads/Antiga\Outros\RECALTIPNEG-26092024-HENRIQUE.jar
2025-04-29 11:14:57,340 - INFO - Arquivo movido: De C:/Users/Haikom/Downloads/Antiga\refined_converted_model.obj para C:/Users/Haikom/Downloads/Antiga\Outros\refined_converted_model.obj
2025-04-29 11:14:57,343 - INFO - Arquivo movido: De C:/Users/Haikom/Downloads/Antiga\Relatorio_coeficientes (1).xls para C:/Users/Haikom/Downloads/Antiga\Documentos\Relatorio_coeficientes (1).xls
2025-04-29 11:14:57,347 - INFO - Arquivo movido: De C:/Users/Haikom/Downloads/Antiga\Relatorio_coeficientes.xls para C:/Users/Haikom/Downloads/Antiga\Documentos\Relatorio_coeficientes.xls
2025-04-29 11:14:57,351 - INFO - Arquivo movido: De C:/Users/Haikom/Downloads/Antiga\remap_presets.7z para C:/Users/Haikom/Downloads/Antiga\Compactados\remap_presets.7z
2025-04-29 11:14:57,357 - INFO - Arquivo movido: De C:/Users/Haikom/Downloads/Antiga\remessa.jar para C:/Users/Haikom/Downloads/Antiga\Outros\remessa.jar
2025-04-29 11:14:57,361 - INFO - Arquivo movido: De C:/Users/Haikom/Downloads/Antiga\REMESSAS-26092024-HENRIQUE (1).jar para C:/Users/Haikom/Downloads/Antiga\Outros\REMESSAS-26092024-HENRIQUE (1).jar
2025-04-29 11:14:57,364 - INFO - Arquivo movido: De C:/Users/Haikom/Downloads/Antiga\REMESSAS-26092024-HENRIQUE.jar para C:/Users/Haikom/Downloads/Antiga\Outros\REMESSAS-26092024-HENRIQUE.jar
2025-04-29 11:14:57,369 - INFO - Arquivo movido: De C:/Users/Haikom/Downloads/Antiga\REMESSAS_JOAO_16.09.2024.JAR para C:/Users/Haikom/Downloads/Antiga\Outros\REMESSAS_JOAO_16.09.2024.JAR
2025-04-29 11:14:57,373 - INFO - Arquivo movido: De C:/Users/Haikom/Downloads/Antiga\REMESSA_JOAO_23.09.2024.JAR para C:/Users/Haikom/Downloads/Antiga\Outros\REMESSA_JOAO_23.09.2024.JAR
2025-04-29 11:14:57,377 - INFO - Arquivo movido: De C:/Users/Haikom/Downloads/Antiga\remessa_novo.jar para C:/Users/Haikom/Downloads/Antiga\Outros\remessa_novo.jar
2025-04-29 11:14:57,381 - INFO - Arquivo movido: De C:/Users/Haikom/Downloads/Antiga\report1.jrxml para C:/Users/Haikom/Downloads/Antiga\Outros\report1.jrxml
2025-04-29 11:14:57,385 - INFO - Arquivo movido: De C:/Users/Haikom/Downloads/Antiga\report2.jrxml para C:/Users/Haikom/Downloads/Antiga\Outros\report2.jrxml
2025-04-29 11:14:57,389 - INFO - Arquivo movido: De C:/Users/Haikom/Downloads/Antiga\report22.jrxml para C:/Users/Haikom/Downloads/Antiga\Outros\report22.jrxml
2025-04-29 11:14:57,393 - INFO - Arquivo movido: De C:/Users/Haikom/Downloads/Antiga\report3.jrxml para C:/Users/Haikom/Downloads/Antiga\Outros\report3.jrxml
2025-04-29 11:14:57,396 - INFO - Arquivo movido: De C:/Users/Haikom/Downloads/Antiga\response.json para C:/Users/Haikom/Downloads/Antiga\Outros\response.json
2025-04-29 11:14:57,402 - INFO - Arquivo movido: De C:/Users/Haikom/Downloads/Antiga\Resultado_1.csv para C:/Users/Haikom/Downloads/Antiga\Outros\Resultado_1.csv
2025-04-29 11:14:57,406 - INFO - Arquivo movido: De C:/Users/Haikom/Downloads/Antiga\Resultado_2.csv para C:/Users/Haikom/Downloads/Antiga\Outros\Resultado_2.csv
2025-04-29 11:14:57,410 - INFO - Arquivo movido: De C:/Users/Haikom/Downloads/Antiga\Resultado_3.csv para C:/Users/Haikom/Downloads/Antiga\Outros\Resultado_3.csv
2025-04-29 11:14:57,414 - INFO - Arquivo movido: De C:/Users/Haikom/Downloads/Antiga\RG_Alexsandro_assinado.pdf para C:/Users/Haikom/Downloads/Antiga\Documentos\RG_Alexsandro_assinado.pdf
2025-04-29 11:14:57,418 - INFO - Arquivo movido: De C:/Users/Haikom/Downloads/Antiga\RN_VALIDA_DESCMAX.txt para C:/Users/Haikom/Downloads/Antiga\Documentos\RN_VALIDA_DESCMAX.txt
2025-04-29 11:14:57,428 - INFO - Arquivo movido: De C:/Users/Haikom/Downloads/Antiga\Roteador Valdir Moveis.csv para C:/Users/Haikom/Downloads/Antiga\Outros\Roteador Valdir Moveis.csv
2025-04-29 11:14:57,432 - INFO - Arquivo movido: De C:/Users/Haikom/Downloads/Antiga\Rsrc_RC_Data_f1f2_409.txt para C:/Users/Haikom/Downloads/Antiga\Documentos\Rsrc_RC_Data_f1f2_409.txt
2025-04-29 11:14:57,436 - INFO - Arquivo movido: De C:/Users/Haikom/Downloads/Antiga\rufus.ini para C:/Users/Haikom/Downloads/Antiga\Outros\rufus.ini
2025-04-29 11:14:57,440 - INFO - Arquivo movido: De C:/Users/Haikom/Downloads/Antiga\rune_images.zip para C:/Users/Haikom/Downloads/Antiga\Compactados\rune_images.zip
2025-04-29 11:14:57,445 - INFO - Arquivo movido: De C:/Users/Haikom/Downloads/Antiga\SammyHack-AutoFarm.zip para C:/Users/Haikom/Downloads/Antiga\Compactados\SammyHack-AutoFarm.zip
2025-04-29 11:14:57,448 - INFO - Arquivo movido: De C:/Users/Haikom/Downloads/Antiga\sankhya-dashboard.md para C:/Users/Haikom/Downloads/Antiga\Outros\sankhya-dashboard.md
2025-04-29 11:14:57,452 - INFO - Arquivo movido: De C:/Users/Haikom/Downloads/Antiga\SankhyaJX-main.zip para C:/Users/Haikom/Downloads/Antiga\Compactados\SankhyaJX-main.zip
2025-04-29 11:14:57,456 - INFO - Arquivo movido: De C:/Users/Haikom/Downloads/Antiga\SankhyaW-extensions (1).jar para C:/Users/Haikom/Downloads/Antiga\Outros\SankhyaW-extensions (1).jar
2025-04-29 11:14:57,460 - INFO - Arquivo movido: De C:/Users/Haikom/Downloads/Antiga\SankhyaW-extensions.jar para C:/Users/Haikom/Downloads/Antiga\Outros\SankhyaW-extensions.jar
2025-04-29 11:14:57,465 - INFO - Arquivo movido: De C:/Users/Haikom/Downloads/Antiga\Sankya HML.sql para C:/Users/Haikom/Downloads/Antiga\Código\Sankya HML.sql
2025-04-29 11:14:57,469 - INFO - Arquivo movido: De C:/Users/Haikom/Downloads/Antiga\Sankya Prod.sql para C:/Users/Haikom/Downloads/Antiga\Código\Sankya Prod.sql
2025-04-29 11:14:57,473 - INFO - Arquivo movido: De C:/Users/Haikom/Downloads/Antiga\Santander_CNAB_400.pdf para C:/Users/Haikom/Downloads/Antiga\Documentos\Santander_CNAB_400.pdf
2025-04-29 11:14:57,477 - INFO - Arquivo movido: De C:/Users/Haikom/Downloads/Antiga\Sarah Georgia CV.pdf para C:/Users/Haikom/Downloads/Antiga\Documentos\Sarah Georgia CV.pdf
2025-04-29 11:14:57,481 - INFO - Arquivo movido: De C:/Users/Haikom/Downloads/Antiga\segundaVia (1).pdf para C:/Users/Haikom/Downloads/Antiga\Documentos\segundaVia (1).pdf
2025-04-29 11:14:57,485 - INFO - Arquivo movido: De C:/Users/Haikom/Downloads/Antiga\segundaVia.pdf para C:/Users/Haikom/Downloads/Antiga\Documentos\segundaVia.pdf
2025-04-29 11:14:57,489 - INFO - Arquivo movido: De C:/Users/Haikom/Downloads/Antiga\SEQ_AD_BNSCAMPITM_IDI.sql para C:/Users/Haikom/Downloads/Antiga\Código\SEQ_AD_BNSCAMPITM_IDI.sql
2025-04-29 11:14:57,496 - INFO - Arquivo movido: De C:/Users/Haikom/Downloads/Antiga\server.log_20241104101538.zip para C:/Users/Haikom/Downloads/Antiga\Compactados\server.log_20241104101538.zip
2025-04-29 11:14:57,500 - INFO - Arquivo movido: De C:/Users/Haikom/Downloads/Antiga\Setting.txt para C:/Users/Haikom/Downloads/Antiga\Documentos\Setting.txt
2025-04-29 11:14:57,504 - INFO - Arquivo movido: De C:/Users/Haikom/Downloads/Antiga\simply-static-1-1725887563.zip para C:/Users/Haikom/Downloads/Antiga\Compactados\simply-static-1-1725887563.zip
2025-04-29 11:14:57,509 - INFO - Arquivo movido: De C:/Users/Haikom/Downloads/Antiga\SkillData.bin para C:/Users/Haikom/Downloads/Antiga\Outros\SkillData.bin
2025-04-29 11:14:57,514 - INFO - Arquivo movido: De C:/Users/Haikom/Downloads/Antiga\SkillData2.bin para C:/Users/Haikom/Downloads/Antiga\Outros\SkillData2.bin
2025-04-29 11:14:57,518 - INFO - Arquivo movido: De C:/Users/Haikom/Downloads/Antiga\SL.bin para C:/Users/Haikom/Downloads/Antiga\Outros\SL.bin
2025-04-29 11:14:57,523 - INFO - Arquivo movido: De C:/Users/Haikom/Downloads/Antiga\SS VIEIRA COMERCIO LTDA 2024_17062024141909.pfx para C:/Users/Haikom/Downloads/Antiga\Outros\SS VIEIRA COMERCIO LTDA 2024_17062024141909.pfx
2025-04-29 11:14:57,526 - INFO - Arquivo movido: De C:/Users/Haikom/Downloads/Antiga\Story.amk para C:/Users/Haikom/Downloads/Antiga\Outros\Story.amk
2025-04-29 11:14:57,531 - INFO - Arquivo movido: De C:/Users/Haikom/Downloads/Antiga\Termo de Titularidade.pdf para C:/Users/Haikom/Downloads/Antiga\Documentos\Termo de Titularidade.pdf
2025-04-29 11:14:57,534 - INFO - Arquivo movido: De C:/Users/Haikom/Downloads/Antiga\teste.html para C:/Users/Haikom/Downloads/Antiga\Código\teste.html
2025-04-29 11:14:57,538 - INFO - Arquivo movido: De C:/Users/Haikom/Downloads/Antiga\TESTE.json para C:/Users/Haikom/Downloads/Antiga\Outros\TESTE.json
2025-04-29 11:14:57,543 - INFO - Arquivo movido: De C:/Users/Haikom/Downloads/Antiga\teste.txt para C:/Users/Haikom/Downloads/Antiga\Documentos\teste.txt
2025-04-29 11:14:57,546 - INFO - Arquivo movido: De C:/Users/Haikom/Downloads/Antiga\TGFFIN.sql para C:/Users/Haikom/Downloads/Antiga\Código\TGFFIN.sql
2025-04-29 11:14:57,550 - INFO - Arquivo movido: De C:/Users/Haikom/Downloads/Antiga\tickets-2024-10-08.zip para C:/Users/Haikom/Downloads/Antiga\Compactados\tickets-2024-10-08.zip
2025-04-29 11:14:57,554 - INFO - Arquivo movido: De C:/Users/Haikom/Downloads/Antiga\Tiger_rig_hair_mat.asset para C:/Users/Haikom/Downloads/Antiga\Outros\Tiger_rig_hair_mat.asset
2025-04-29 11:14:57,557 - INFO - Arquivo movido: De C:/Users/Haikom/Downloads/Antiga\tokei-13.0.0-alpha.7.zip para C:/Users/Haikom/Downloads/Antiga\Compactados\tokei-13.0.0-alpha.7.zip
2025-04-29 11:14:57,560 - INFO - Arquivo movido: De C:/Users/Haikom/Downloads/Antiga\ToSite.sql para C:/Users/Haikom/Downloads/Antiga\Código\ToSite.sql
2025-04-29 11:14:57,564 - INFO - Arquivo movido: De C:/Users/Haikom/Downloads/Antiga\Trainer.exe para C:/Users/Haikom/Downloads/Antiga\Executáveis\Trainer.exe
2025-04-29 11:14:57,568 - INFO - Arquivo movido: De C:/Users/Haikom/Downloads/Antiga\Trainer.exe.c para C:/Users/Haikom/Downloads/Antiga\Código\Trainer.exe.c
2025-04-29 11:14:57,571 - INFO - Arquivo movido: De C:/Users/Haikom/Downloads/Antiga\Turbo_Client_v4.0.rar para C:/Users/Haikom/Downloads/Antiga\Compactados\Turbo_Client_v4.0.rar
2025-04-29 11:14:57,575 - INFO - Arquivo movido: De C:/Users/Haikom/Downloads/Antiga\User.dat para C:/Users/Haikom/Downloads/Antiga\Outros\User.dat
2025-04-29 11:14:57,579 - INFO - Arquivo movido: De C:/Users/Haikom/Downloads/Antiga\valdir-moveis-64d1626a52342.ico para C:/Users/Haikom/Downloads/Antiga\Outros\valdir-moveis-64d1626a52342.ico
2025-04-29 11:14:57,583 - INFO - Arquivo movido: De C:/Users/Haikom/Downloads/Antiga\valdirmoveis.snk.ativy.com-1736355504017.log para C:/Users/Haikom/Downloads/Antiga\Outros\valdirmoveis.snk.ativy.com-1736355504017.log
2025-04-29 11:14:57,588 - INFO - Arquivo movido: De C:/Users/Haikom/Downloads/Antiga\valdirmoveis.snk.ativy.com-1736798372432.log para C:/Users/Haikom/Downloads/Antiga\Outros\valdirmoveis.snk.ativy.com-1736798372432.log
2025-04-29 11:14:57,592 - INFO - Arquivo movido: De C:/Users/Haikom/Downloads/Antiga\valdirmoveis.snk.ativy.com-1736964754139.log para C:/Users/Haikom/Downloads/Antiga\Outros\valdirmoveis.snk.ativy.com-1736964754139.log
2025-04-29 11:14:57,595 - INFO - Arquivo movido: De C:/Users/Haikom/Downloads/Antiga\valdirmoveisprincipal (3).json para C:/Users/Haikom/Downloads/Antiga\Outros\valdirmoveisprincipal (3).json
2025-04-29 11:14:57,599 - INFO - Arquivo movido: De C:/Users/Haikom/Downloads/Antiga\Variacao_de_Custos_de_Produto.xls para C:/Users/Haikom/Downloads/Antiga\Documentos\Variacao_de_Custos_de_Produto.xls
2025-04-29 11:14:57,602 - INFO - Arquivo movido: De C:/Users/Haikom/Downloads/Antiga\vmoveis2023_mysql_dbaas_com_br (1).sql para C:/Users/Haikom/Downloads/Antiga\Código\vmoveis2023_mysql_dbaas_com_br (1).sql
2025-04-29 11:14:57,605 - INFO - Arquivo movido: De C:/Users/Haikom/Downloads/Antiga\vmoveis2023_mysql_dbaas_com_br.sql para C:/Users/Haikom/Downloads/Antiga\Código\vmoveis2023_mysql_dbaas_com_br.sql
2025-04-29 11:14:57,609 - INFO - Arquivo movido: De C:/Users/Haikom/Downloads/Antiga\Vídeo sem título ‐ Feito com o Clipchamp (1).mp4 para C:/Users/Haikom/Downloads/Antiga\Vídeos\Vídeo sem título ‐ Feito com o Clipchamp (1).mp4
2025-04-29 11:14:57,612 - INFO - Arquivo movido: De C:/Users/Haikom/Downloads/Antiga\w04826.zip para C:/Users/Haikom/Downloads/Antiga\Compactados\w04826.zip
2025-04-29 11:14:57,616 - INFO - Arquivo movido: De C:/Users/Haikom/Downloads/Antiga\workflow.json para C:/Users/Haikom/Downloads/Antiga\Outros\workflow.json
2025-04-29 11:14:57,620 - INFO - Arquivo movido: De C:/Users/Haikom/Downloads/Antiga\wp-migrate-db.2.6.11.zip para C:/Users/Haikom/Downloads/Antiga\Compactados\wp-migrate-db.2.6.11.zip
2025-04-29 11:14:57,623 - INFO - Arquivo movido: De C:/Users/Haikom/Downloads/Antiga\XUnity.AutoTranslator-ReiPatcher-5.4.0.zip para C:/Users/Haikom/Downloads/Antiga\Compactados\XUnity.AutoTranslator-ReiPatcher-5.4.0.zip
2025-04-29 11:14:57,627 - INFO - Arquivo movido: De C:/Users/Haikom/Downloads/Antiga\XUnity.AutoTranslator-UnityInjector-5.4.3.zip para C:/Users/Haikom/Downloads/Antiga\Compactados\XUnity.AutoTranslator-UnityInjector-5.4.3.zip
2025-04-29 11:14:57,632 - INFO - Arquivo movido: De C:/Users/Haikom/Downloads/Antiga\Zaphen (lore).PDF para C:/Users/Haikom/Downloads/Antiga\Documentos\Zaphen (lore).PDF
2025-04-29 11:14:57,635 - INFO - Pasta adicionada: C:/Users/Haikom/Downloads/Antiga
2025-04-29 11:34:48,149 - INFO - Iniciando monitoramento: C:/Users/Haikom/Downloads/Antiga
2025-04-29 11:34:48,196 - INFO - Observador iniciado: 
